
Database             Time                 Version
-------------------- -------------------- ------------------------------
Start: ORCL          19-NOV-2017 15:16:23 Oracle Database 12c 12.2.0.1.0

Point view at Directed table

View created.


PL/SQL procedure successfully completed.


PL/SQL procedure successfully completed.

Elapsed: 00:00:00.00
Solution from A to other nodes

NODE              LEV PATH                                 COST L
---------- ---------- ------------------------------ ---------- -
B                   1 A,B                                     2
..G                 2 A,B,G                                   8
C                   1 A,C                                     4
..E                 2 A,C,E                                   7
....H               3 A,C,E,H                                 8
......J             4 A,C,E,H,J                              11
..G                 2 A,C,G                                   8
D                   1 A,D                                     3
..E                 2 A,D,E                                   7
....H               3 A,D,E,H                                 8
......J             4 A,D,E,H,J                              11
..F                 2 A,D,F                                   4
....I               3 A,D,F,I                                 7
......J             4 A,D,F,I,J                              11
..G                 2 A,D,G                                   8

15 rows selected.

Elapsed: 00:00:00.01

PL/SQL procedure successfully completed.

Elapsed: 00:00:00.07
Solution - all intermediate, depth first

NODE              LEV PATH                                 COST      RNK_T        RNK L
---------- ---------- ------------------------------ ---------- ---------- ---------- -
B                   1 A,B                                     2          1          1
..E                 2 A,B,E                                   9          3          3
..F                 2 A,B,F                                   6          2          2
..G                 2 A,B,G                                   8          1          1
....H               3 A,B,G,H                                11          4          4
....I               3 A,B,G,I                                11          2          2
C                   1 A,C                                     4          1          1
..E                 2 A,C,E                                   7          1
....H               3 A,C,E,H                                 8          1
......J             4 A,C,E,H,J                              11          1
....I               3 A,C,E,I                                11          2          2
..F                 2 A,C,F                                   6          2
..G                 2 A,C,G                                   8          1          1
....H               3 A,C,G,H                                11          4          4
....I               3 A,C,G,I                                11          2          2
D                   1 A,D                                     3          1          1
..E                 2 A,D,E                                   7          1
....H               3 A,D,E,H                                 8          1
......J             4 A,D,E,H,J                              11          1
....I               3 A,D,E,I                                11          2          2
..F                 2 A,D,F                                   4          1          1
....H               3 A,D,F,H                                10          3          3
....I               3 A,D,F,I                                 7          1          1
......J             4 A,D,F,I,J                              11          1
..G                 2 A,D,G                                   8          1
....H               3 A,D,G,H                                11          4          4
....I               3 A,D,G,I                                11          2          2

27 rows selected.

Elapsed: 00:00:00.01
Solution -  all intermediate, breadth first

NODE              LEV PATH                                 COST      RNK_T        RNK L
---------- ---------- ------------------------------ ---------- ---------- ---------- -
B                   1 A,B                                     2          1          1
C                   1 A,C                                     4          1
D                   1 A,D                                     3          1
..E                 2 A,D,E                                   7          1
..E                 2 A,C,E                                   7          1
..E                 2 A,B,E                                   9          3          3
..F                 2 A,D,F                                   4          1          1
..F                 2 A,B,F                                   6          2          2
..F                 2 A,C,F                                   6          2
..G                 2 A,D,G                                   8          1          1
..G                 2 A,B,G                                   8          1
..G                 2 A,C,G                                   8          1
....H               3 A,D,E,H                                 8          1
....H               3 A,C,E,H                                 8          1
....H               3 A,D,F,H                                10          3          3
....H               3 A,C,G,H                                11          4          4
....H               3 A,B,G,H                                11          4
....H               3 A,D,G,H                                11          4
....I               3 A,D,F,I                                 7          1          1
....I               3 A,D,G,I                                11          2          2
....I               3 A,C,E,I                                11          2
....I               3 A,B,G,I                                11          2
....I               3 A,D,E,I                                11          2
....I               3 A,C,G,I                                11          2
......J             4 A,D,E,H,J                              11          1          1
......J             4 A,D,F,I,J                              11          1
......J             4 A,C,E,H,J                              11          1

27 rows selected.

Elapsed: 00:00:00.01
All solutions

NODE              LEV PATH                                 COST      RNK_T        RNK L
---------- ---------- ------------------------------ ---------- ---------- ---------- -
B                   1 A,B                                     2          1          1
..E                 2 A,B,E                                   9          3          3
....H               3 A,B,E,H                                10          3
......J             4 A,B,E,H,J                              13          4          4
....I               3 A,B,E,I                                13          9          9
......J             4 A,B,E,I,J                              17         18         18
..F                 2 A,B,F                                   6          2          2
....H               3 A,B,F,H                                12          8          8
......J             4 A,B,F,H,J                              15         11         11
....I               3 A,B,F,I                                 9          2          2
......J             4 A,B,F,I,J                              13          4          4
..G                 2 A,B,G                                   8          1          1
....H               3 A,B,G,H                                11          5          5
......J             4 A,B,G,H,J                              14          8          8
....I               3 A,B,G,I                                11          4          4
......J             4 A,B,G,I,J                              15         11         11
C                   1 A,C                                     4          1          1
..E                 2 A,C,E                                   7          1
....H               3 A,C,E,H                                 8          1
......J             4 A,C,E,H,J                              11          1
....I               3 A,C,E,I                                11          4          4
......J             4 A,C,E,I,J                              15         11         11
..F                 2 A,C,F                                   6          2          2
....H               3 A,C,F,H                                12          8          8
......J             4 A,C,F,H,J                              15         11         11
....I               3 A,C,F,I                                 9          2          2
......J             4 A,C,F,I,J                              13          4          4
..G                 2 A,C,G                                   8          1          1
....H               3 A,C,G,H                                11          5          5
......J             4 A,C,G,H,J                              14          8          8
....I               3 A,C,G,I                                11          4          4
......J             4 A,C,G,I,J                              15         11         11
D                   1 A,D                                     3          1          1
..E                 2 A,D,E                                   7          1
....H               3 A,D,E,H                                 8          1
......J             4 A,D,E,H,J                              11          1
....I               3 A,D,E,I                                11          4          4
......J             4 A,D,E,I,J                              15         11         11
..F                 2 A,D,F                                   4          1          1
....H               3 A,D,F,H                                10          3          3
......J             4 A,D,F,H,J                              13          4          4
....I               3 A,D,F,I                                 7          1          1
......J             4 A,D,F,I,J                              11          1
..G                 2 A,D,G                                   8          1
....H               3 A,D,G,H                                11          5          5
......J             4 A,D,G,H,J                              14          8          8
....I               3 A,D,G,I                                11          4          4
......J             4 A,D,G,I,J                              15         11         11

48 rows selected.

Elapsed: 00:00:00.02

PL/SQL procedure successfully completed.

Elapsed: 00:00:00.00
BPF Solution from J to other nodes

no rows selected

Elapsed: 00:00:00.00

TEXT
--------------------------------------------------------------------------------------------------------------------------------------------------------------------------------------------------------
SQL_ID  bf11qx2bhjujq, child number 0
-------------------------------------
WITH paths (node, path, cost, rnk, lev) AS ( SELECT a.dst, a.src || ','
|| a.dst, a.distance, 1, 1   FROM arcs_v a WHERE a.src = :SRC  UNION
ALL SELECT a.dst,         p.path || ',' || a.dst,         p.cost +
a.distance,         Rank () OVER (PARTITION BY a.dst ORDER BY p.cost +
a.distance),         p.lev + 1   FROM paths p   JOIN arcs_v a     ON
a.src = p.node    AND p.rnk = 1 )  SEARCH DEPTH FIRST BY node SET
line_no CYCLE node SET lp TO '*' DEFAULT ' ' , paths_ranked AS ( SELECT
lev, node, path, cost, Rank () OVER (PARTITION BY node ORDER BY cost)
rnk_t, lp, line_no   FROM paths   WHERE rnk = 1 ) SELECT /*+
gather_plan_statistics AJA */ LPad (node, 1 + 2* (lev - 1), '.') node,
lev, path, cost, lp   FROM paths_ranked   WHERE rnk_t = 1   ORDER BY
line_no

Plan hash value: 1291565129

--------------------------------------------------------------------------------------------------------------------------------------------------
| Id  | Operation                                  | Name           | Starts | E-Rows | A-Rows |   A-Time   | Buffers |  OMem |  1Mem | Used-Mem |
--------------------------------------------------------------------------------------------------------------------------------------------------
|   0 | SELECT STATEMENT                           |                |      1 |        |     15 |00:00:00.01 |       9 |       |       |          |
|   1 |  SORT ORDER BY                             |                |      1 |    883 |     15 |00:00:00.01 |       9 |  2048 |  2048 | 2048  (0)|
|*  2 |   VIEW                                     |                |      1 |    883 |     15 |00:00:00.01 |       9 |       |       |          |
|*  3 |    WINDOW SORT PUSHED RANK                 |                |      1 |    883 |     15 |00:00:00.01 |       9 |  2048 |  2048 | 2048  (0)|
|*  4 |     VIEW                                   |                |      1 |    883 |     15 |00:00:00.01 |       9 |       |       |          |
|   5 |      UNION ALL (RECURSIVE WITH) DEPTH FIRST|                |      1 |        |     27 |00:00:00.01 |       9 |  4096 |  4096 | 4096  (0)|
|   6 |       TABLE ACCESS BY INDEX ROWID BATCHED  | ARCS_AJ_DIR    |      1 |      3 |      3 |00:00:00.01 |       2 |       |       |          |
|*  7 |        INDEX RANGE SCAN                    | ARCS_AJ_DIR_PK |      1 |      3 |      3 |00:00:00.01 |       1 |       |       |          |
|   8 |       WINDOW SORT                          |                |      4 |    880 |     24 |00:00:00.01 |       7 |  2048 |  2048 | 2048  (0)|
|*  9 |        HASH JOIN                           |                |      4 |    880 |     24 |00:00:00.01 |       7 |  1856K|  1856K| 1141K (0)|
|  10 |         BUFFER SORT (REUSE)                |                |      4 |        |     80 |00:00:00.01 |       7 | 73728 | 73728 |          |
|  11 |          TABLE ACCESS FULL                 | ARCS_AJ_DIR    |      1 |     20 |     20 |00:00:00.01 |       7 |       |       |          |
|  12 |         RECURSIVE WITH PUMP                |                |      4 |        |     15 |00:00:00.01 |       0 |       |       |          |
--------------------------------------------------------------------------------------------------------------------------------------------------

Predicate Information (identified by operation id):
---------------------------------------------------

   2 - filter("RNK_T"=1)
   3 - filter(RANK() OVER ( PARTITION BY "NODE" ORDER BY "COST")<=1)
   4 - filter("RNK"=1)
   7 - access("SRC"=:SRC)
   9 - access("SRC"="P"."NODE")


44 rows selected.


'END:'||TO_CHAR(SYSDATE,'DD-MON-YY
----------------------------------
End: 19-NOV-2017 15:16:24

